<?xml version="1.0" encoding="UTF-8"?>
<testng-results skipped="0" failed="0" total="1" passed="1">
  <reporter-output>
  </reporter-output>
  <suite name="Default suite" duration-ms="190081" started-at="2018-10-12T22:08:49Z" finished-at="2018-10-12T22:11:59Z">
    <groups>
    </groups>
    <test name="Default test" duration-ms="190081" started-at="2018-10-12T22:08:49Z" finished-at="2018-10-12T22:11:59Z">
      <class name="proxim.ui.Proxim">
        <test-method status="PASS" signature="configuracion()[pri:0, instance:proxim.ui.Proxim@5e3a8624]" name="configuracion" is-config="true" duration-ms="547" started-at="2018-10-12T17:08:49Z" finished-at="2018-10-12T17:08:50Z">
          <reporter-output>
          </reporter-output>
        </test-method> <!-- configuracion -->
        <test-method status="PASS" signature="testCases()[pri:0, instance:proxim.ui.Proxim@5e3a8624]" name="testCases" duration-ms="189514" started-at="2018-10-12T17:08:50Z" finished-at="2018-10-12T17:11:59Z">
          <reporter-output>
          </reporter-output>
        </test-method> <!-- testCases -->
      </class> <!-- proxim.ui.Proxim -->
    </test> <!-- Default test -->
  </suite> <!-- Default suite -->
</testng-results>
